#
# There is insufficient memory for the Java Runtime Environment to continue.
# Native memory allocation (mmap) failed to map 65536 bytes for Failed to commit metaspace.
# Possible reasons:
#   The system is out of physical RAM or swap space
#   The process is running with CompressedOops enabled, and the Java Heap may be blocking the growth of the native heap
# Possible solutions:
#   Reduce memory load on the system
#   Increase physical memory or swap space
#   Check if swap backing store is full
#   Decrease Java heap size (-Xmx/-Xms)
#   Decrease number of Java threads
#   Decrease Java thread stack sizes (-Xss)
#   Set larger code cache with -XX:ReservedCodeCacheSize=
#   JVM is running with Unscaled Compressed Oops mode in which the Java heap is
#     placed in the first 4GB address space. The Java Heap base address is the
#     maximum limit for the native heap growth. Please use -XX:HeapBaseMinAddress
#     to set the Java Heap base and to place the Java Heap above 4GB virtual address.
# This output file may be truncated or incomplete.
#
#  Out of Memory Error (virtualSpaceNode.cpp:110), pid=25092, tid=12548
#
# JRE version: Java(TM) SE Runtime Environment (20.0.2+9) (build 20.0.2+9-78)
# Java VM: Java HotSpot(TM) 64-Bit Server VM (20.0.2+9-78, mixed mode, sharing, tiered, compressed oops, compressed class ptrs, g1 gc, windows-amd64)
# No core dump will be written. Minidumps are not enabled by default on client versions of Windows
#

---------------  S U M M A R Y ------------

Command Line: -Dfile.encoding=UTF-8 -agentlib:jdwp=transport=dt_shmem,address=javadebug --module-path=C:\Users\jk270\Documents\NetBeansProjects\bankmanagementsystem\build\classes bankmanagementsystem.signuptwo

Host: 11th Gen Intel(R) Core(TM) i3-1115G4 @ 3.00GHz, 4 cores, 7G,  Windows 11 , 64 bit Build 22621 (10.0.22621.2215)
Time: Mon Sep 18 11:14:33 2023 India Standard Time elapsed time: 0.843291 seconds (0d 0h 0m 0s)

---------------  T H R E A D  ---------------

Current thread (0x000001fdfe909a90):  JavaThread "AWT-EventQueue-0" [_thread_in_vm, id=12548, stack(0x000000f92ec00000,0x000000f92ed00000)]

Stack: [0x000000f92ec00000,0x000000f92ed00000]
Native frames: (J=compiled Java code, j=interpreted, Vv=VM code, C=native code)
V  [jvm.dll+0x6bc25a]
V  [jvm.dll+0x84971a]
V  [jvm.dll+0x84b315]
V  [jvm.dll+0x84ba13]
V  [jvm.dll+0x280e4f]
V  [jvm.dll+0x84565b]
V  [jvm.dll+0x660616]
V  [jvm.dll+0x1eb7b7]
V  [jvm.dll+0x663032]
V  [jvm.dll+0x662e1e]
V  [jvm.dll+0x66102e]
V  [jvm.dll+0x27e2bc]
V  [jvm.dll+0x71134d]
V  [jvm.dll+0x711e4f]
V  [jvm.dll+0x3c8707]
V  [jvm.dll+0x3c77a7]
V  [jvm.dll+0x3c7748]
V  [jvm.dll+0x3d8a3a]
C  0x000001fdececb55f

Java frames: (J=compiled Java code, j=interpreted, Vv=VM code)
j  java.awt.im.InputContext.getInstance()Ljava/awt/im/InputContext;+0 java.desktop@20.0.2
j  java.awt.Window.getInputContext()Ljava/awt/im/InputContext;+15 java.desktop@20.0.2
j  java.awt.Component.getInputContext()Ljava/awt/im/InputContext;+12 java.desktop@20.0.2
j  java.awt.Component.getInputContext()Ljava/awt/im/InputContext;+12 java.desktop@20.0.2
j  java.awt.Component.getInputContext()Ljava/awt/im/InputContext;+12 java.desktop@20.0.2
j  java.awt.Component.getInputContext()Ljava/awt/im/InputContext;+12 java.desktop@20.0.2
j  java.awt.Component.getInputContext()Ljava/awt/im/InputContext;+12 java.desktop@20.0.2
j  java.awt.Component.getInputContext()Ljava/awt/im/InputContext;+12 java.desktop@20.0.2
j  java.awt.Component.removeNotify()V+134 java.desktop@20.0.2
j  java.awt.Container.removeNotify()V+109 java.desktop@20.0.2
j  javax.swing.JComponent.removeNotify()V+1 java.desktop@20.0.2
j  java.awt.Container.removeAll()V+84 java.desktop@20.0.2
j  javax.swing.plaf.basic.BasicComboBoxUI.paint(Ljava/awt/Graphics;Ljavax/swing/JComponent;)V+50 java.desktop@20.0.2
j  javax.swing.plaf.metal.MetalComboBoxUI.paint(Ljava/awt/Graphics;Ljavax/swing/JComponent;)V+9 java.desktop@20.0.2
j  javax.swing.plaf.ComponentUI.update(Ljava/awt/Graphics;Ljavax/swing/JComponent;)V+32 java.desktop@20.0.2
j  javax.swing.JComponent.paintComponent(Ljava/awt/Graphics;)V+26 java.desktop@20.0.2
j  javax.swing.JComponent.paint(Ljava/awt/Graphics;)V+286 java.desktop@20.0.2
j  javax.swing.JComponent.paintChildren(Ljava/awt/Graphics;)V+516 java.desktop@20.0.2
j  javax.swing.JComponent.paint(Ljava/awt/Graphics;)V+318 java.desktop@20.0.2
j  javax.swing.JComponent.paintChildren(Ljava/awt/Graphics;)V+516 java.desktop@20.0.2
j  javax.swing.JComponent.paint(Ljava/awt/Graphics;)V+318 java.desktop@20.0.2
j  javax.swing.JLayeredPane.paint(Ljava/awt/Graphics;)V+73 java.desktop@20.0.2
j  javax.swing.JComponent.paintChildren(Ljava/awt/Graphics;)V+516 java.desktop@20.0.2
j  javax.swing.JComponent.paintToOffscreen(Ljava/awt/Graphics;IIIIII)V+72 java.desktop@20.0.2
j  javax.swing.RepaintManager$PaintManager.paintDoubleBufferedFPScales(Ljavax/swing/JComponent;Ljava/awt/Image;Ljava/awt/Graphics;IIII)V+320 java.desktop@20.0.2
j  javax.swing.RepaintManager$PaintManager.paintDoubleBuffered(Ljavax/swing/JComponent;Ljava/awt/Image;Ljava/awt/Graphics;IIII)V+28 java.desktop@20.0.2
j  javax.swing.RepaintManager$PaintManager.paint(Ljavax/swing/JComponent;Ljavax/swing/JComponent;Ljava/awt/Graphics;IIII)Z+128 java.desktop@20.0.2
j  javax.swing.RepaintManager.paint(Ljavax/swing/JComponent;Ljavax/swing/JComponent;Ljava/awt/Graphics;IIII)V+52 java.desktop@20.0.2
j  javax.swing.JComponent.paint(Ljava/awt/Graphics;)V+221 java.desktop@20.0.2
j  java.awt.GraphicsCallback$PaintCallback.run(Ljava/awt/Component;Ljava/awt/Graphics;)V+2 java.desktop@20.0.2
j  sun.awt.SunGraphicsCallback.runOneComponent(Ljava/awt/Component;Ljava/awt/Rectangle;Ljava/awt/Graphics;Ljava/awt/Shape;I)V+130 java.desktop@20.0.2
j  sun.awt.SunGraphicsCallback.runComponents([Ljava/awt/Component;Ljava/awt/Graphics;I)V+157 java.desktop@20.0.2
j  java.awt.Container.paint(Ljava/awt/Graphics;)V+58 java.desktop@20.0.2
j  java.awt.Window.paint(Ljava/awt/Graphics;)V+68 java.desktop@20.0.2
j  javax.swing.RepaintManager$4.run()Ljava/lang/Void;+142 java.desktop@20.0.2
j  javax.swing.RepaintManager$4.run()Ljava/lang/Object;+1 java.desktop@20.0.2
j  java.security.AccessController.executePrivileged(Ljava/security/PrivilegedAction;Ljava/security/AccessControlContext;Ljava/lang/Class;)Ljava/lang/Object;+29 java.base@20.0.2
j  java.security.AccessController.doPrivileged(Ljava/security/PrivilegedAction;Ljava/security/AccessControlContext;)Ljava/lang/Object;+13 java.base@20.0.2
j  java.security.ProtectionDomain$JavaSecurityAccessImpl.doIntersectionPrivilege(Ljava/security/PrivilegedAction;Ljava/security/AccessControlContext;Ljava/security/AccessControlContext;)Ljava/lang/Object;+18 java.base@20.0.2
j  javax.swing.RepaintManager.paintDirtyRegions(Ljava/util/Map;)V+154 java.desktop@20.0.2
j  javax.swing.RepaintManager.paintDirtyRegions()V+46 java.desktop@20.0.2
j  javax.swing.RepaintManager.prePaintDirtyRegions()V+73 java.desktop@20.0.2
j  javax.swing.RepaintManager$ProcessingRunnable.run()V+37 java.desktop@20.0.2
j  java.awt.event.InvocationEvent.dispatch()V+47 java.desktop@20.0.2
j  java.awt.EventQueue.dispatchEventImpl(Ljava/awt/AWTEvent;Ljava/lang/Object;)V+21 java.desktop@20.0.2
j  java.awt.EventQueue$4.run()Ljava/lang/Void;+32 java.desktop@20.0.2
j  java.awt.EventQueue$4.run()Ljava/lang/Object;+1 java.desktop@20.0.2
j  java.security.AccessController.executePrivileged(Ljava/security/PrivilegedAction;Ljava/security/AccessControlContext;Ljava/lang/Class;)Ljava/lang/Object;+29 java.base@20.0.2
j  java.security.AccessController.doPrivileged(Ljava/security/PrivilegedAction;Ljava/security/AccessControlContext;)Ljava/lang/Object;+13 java.base@20.0.2
j  java.security.ProtectionDomain$JavaSecurityAccessImpl.doIntersectionPrivilege(Ljava/security/PrivilegedAction;Ljava/security/AccessControlContext;Ljava/security/AccessControlContext;)Ljava/lang/Object;+18 java.base@20.0.2
j  java.awt.EventQueue.dispatchEvent(Ljava/awt/AWTEvent;)V+46 java.desktop@20.0.2
j  java.awt.EventDispatchThread.pumpOneEventForFilters(I)V+81 java.desktop@20.0.2
j  java.awt.EventDispatchThread.pumpEventsForFilter(ILjava/awt/Conditional;Ljava/awt/EventFilter;)V+35 java.desktop@20.0.2
j  java.awt.EventDispatchThread.pumpEventsForHierarchy(ILjava/awt/Conditional;Ljava/awt/Component;)V+11 java.desktop@20.0.2
j  java.awt.EventDispatchThread.pumpEvents(ILjava/awt/Conditional;)V+4 java.desktop@20.0.2
j  java.awt.EventDispatchThread.pumpEvents(Ljava/awt/Conditional;)V+3 java.desktop@20.0.2
j  java.awt.EventDispatchThread.run()V+9 java.desktop@20.0.2
v  ~StubRoutines::call_stub 0x000001fdece910e7

---------------  P R O C E S S  ---------------

Threads class SMR info:
_java_thread_list=0x000001fdfe98ae90, length=20, elements={
0x000001fdfa081820, 0x000001fdfa083720, 0x000001fdfa085c10, 0x000001fdfa089bf0,
0x000001fdfa08a620, 0x000001fdfa094f90, 0x000001fdfa099100, 0x000001fdfa099a80,
0x000001fdfe4f5ab0, 0x000001fdfe5c55b0, 0x000001fdfe5c8420, 0x000001fdfe5b02d0,
0x000001fdfe5b2900, 0x000001fdfe7c5ad0, 0x000001fdfe7ec020, 0x000001fdfe7ef390,
0x000001fdfe909a90, 0x000001fdfe9953a0, 0x000001fddc065e80, 0x000001fdfe9286c0
}

Java Threads: ( => current thread )
  0x000001fdfa081820 JavaThread "Reference Handler" daemon [_thread_blocked, id=2280, stack(0x000000f92da00000,0x000000f92db00000)]
  0x000001fdfa083720 JavaThread "Finalizer" daemon [_thread_blocked, id=15652, stack(0x000000f92db00000,0x000000f92dc00000)]
  0x000001fdfa085c10 JavaThread "Signal Dispatcher" daemon [_thread_blocked, id=12368, stack(0x000000f92dc00000,0x000000f92dd00000)]
  0x000001fdfa089bf0 JavaThread "Attach Listener" daemon [_thread_blocked, id=10988, stack(0x000000f92dd00000,0x000000f92de00000)]
  0x000001fdfa08a620 JavaThread "Service Thread" daemon [_thread_blocked, id=5804, stack(0x000000f92de00000,0x000000f92df00000)]
  0x000001fdfa094f90 JavaThread "Monitor Deflation Thread" daemon [_thread_blocked, id=5700, stack(0x000000f92df00000,0x000000f92e000000)]
  0x000001fdfa099100 JavaThread "C2 CompilerThread0" daemon [_thread_in_native, id=21424, stack(0x000000f92e000000,0x000000f92e100000)]
  0x000001fdfa099a80 JavaThread "C1 CompilerThread0" daemon [_thread_blocked, id=15544, stack(0x000000f92e100000,0x000000f92e200000)]
  0x000001fdfe4f5ab0 JavaThread "Common-Cleaner" daemon [_thread_blocked, id=21540, stack(0x000000f92e200000,0x000000f92e300000)]
  0x000001fdfe5c55b0 JavaThread "JDWP Transport Listener: dt_shmem" daemon [_thread_blocked, id=23656, stack(0x000000f92e400000,0x000000f92e500000)]
  0x000001fdfe5c8420 JavaThread "JDWP Event Helper Thread" daemon [_thread_blocked, id=1120, stack(0x000000f92e500000,0x000000f92e600000)]
  0x000001fdfe5b02d0 JavaThread "JDWP Command Reader" daemon [_thread_in_native, id=20708, stack(0x000000f92e600000,0x000000f92e700000)]
  0x000001fdfe5b2900 JavaThread "Notification Thread" daemon [_thread_blocked, id=5996, stack(0x000000f92e700000,0x000000f92e800000)]
  0x000001fdfe7c5ad0 JavaThread "Java2D Disposer" daemon [_thread_blocked, id=13924, stack(0x000000f92e900000,0x000000f92ea00000)]
  0x000001fdfe7ec020 JavaThread "AWT-Shutdown" [_thread_blocked, id=24416, stack(0x000000f92ea00000,0x000000f92eb00000)]
  0x000001fdfe7ef390 JavaThread "AWT-Windows" daemon [_thread_in_native, id=25172, stack(0x000000f92eb00000,0x000000f92ec00000)]
=>0x000001fdfe909a90 JavaThread "AWT-EventQueue-0" [_thread_in_vm, id=12548, stack(0x000000f92ec00000,0x000000f92ed00000)]
  0x000001fdfe9953a0 JavaThread "org.netbeans.modules.debugger.jpda.visual AWT Access Loop" daemon [_thread_blocked, id=22660, stack(0x000000f92f000000,0x000000f92f100000)]
  0x000001fddc065e80 JavaThread "DestroyJavaVM" [_thread_blocked, id=23160, stack(0x000000f92d300000,0x000000f92d400000)]
  0x000001fdfe9286c0 JavaThread "C2 CompilerThread1" daemon [_thread_blocked, id=22712, stack(0x000000f92f400000,0x000000f92f500000)]

Other Threads:
  0x000001fdfa062e50 VMThread "VM Thread" [stack: 0x000000f92d900000,0x000000f92da00000] [id=21500]
  0x000001fdfe5b2e50 WatcherThread "VM Periodic Task Thread" [stack: 0x000000f92e800000,0x000000f92e900000] [id=23692]
  0x000001fddc0c59e0 WorkerThread "GC Thread#0" [stack: 0x000000f92d400000,0x000000f92d500000] [id=19784]
  0x000001fdfea626f0 WorkerThread "GC Thread#1" [stack: 0x000000f92f100000,0x000000f92f200000] [id=23868]
  0x000001fdfea629c0 WorkerThread "GC Thread#2" [stack: 0x000000f92f200000,0x000000f92f300000] [id=17380]
  0x000001fdfea77c50 WorkerThread "GC Thread#3" [stack: 0x000000f92f300000,0x000000f92f400000] [id=23976]
  0x000001fddc0d62b0 ConcurrentGCThread "G1 Main Marker" [stack: 0x000000f92d500000,0x000000f92d600000] [id=15184]
  0x000001fddc0d6e80 WorkerThread "G1 Conc#0" [stack: 0x000000f92d600000,0x000000f92d700000] [id=14328]
  0x000001fddc12ea60 ConcurrentGCThread "G1 Refine#0" [stack: 0x000000f92d700000,0x000000f92d800000] [id=25556]
  0x000001fdf9f22700 ConcurrentGCThread "G1 Service" [stack: 0x000000f92d800000,0x000000f92d900000] [id=22020]

Threads with active compile tasks:
C2 CompilerThread0      858 1076   !   4       sun.font.TrueTypeFont::getTableBuffer (208 bytes)

VM state: not at safepoint (normal execution)

VM Mutex/Monitor currently owned by a thread:  ([mutex/lock_event])
[0x000001fddc0610b0] Metaspace_lock - owner thread: 0x000001fdfe909a90

Heap address: 0x0000000083600000, size: 1994 MB, Compressed Oops mode: 32-bit

CDS archive(s) mapped at: [0x000001fd80000000-0x000001fd80c60000-0x000001fd80c60000), size 12976128, SharedBaseAddress: 0x000001fd80000000, ArchiveRelocationMode: 1.
Compressed class space mapped at: 0x000001fd81000000-0x000001fdc1000000, reserved size: 1073741824
Narrow klass base: 0x000001fd80000000, Narrow klass shift: 0, Narrow klass range: 0x100000000

GC Precious Log:
 CardTable entry size: 512
 Card Set container configuration: InlinePtr #cards 5 size 8 Array Of Cards #cards 12 size 40 Howl #buckets 4 coarsen threshold 1843 Howl Bitmap #cards 512 size 80 coarsen threshold 460 Card regions per heap region 1 cards per card region 2048
 CPUs: 4 total, 4 available
 Memory: 7975M
 Large Page Support: Disabled
 NUMA Support: Disabled
 Compressed Oops: Enabled (32-bit)
 Heap Region Size: 1M
 Heap Min Capacity: 8M
 Heap Initial Capacity: 126M
 Heap Max Capacity: 1994M
 Pre-touch: Disabled
 Parallel Workers: 4
 Concurrent Workers: 1
 Concurrent Refinement Workers: 4
 Periodic GC: Disabled

Heap:
 garbage-first heap   total 129024K, used 10119K [0x0000000083600000, 0x0000000100000000)
  region size 1024K, 4 young (4096K), 2 survivors (2048K)
 Metaspace       used 9113K, committed 9280K, reserved 1114112K
  class space    used 1051K, committed 1152K, reserved 1048576K

Heap Regions: E=young(eden), S=young(survivor), O=old, HS=humongous(starts), HC=humongous(continues), CS=collection set, F=free, OA=open archive, CA=closed archive, TAMS=top-at-mark-start, PB=parsable bottom
|   0|0x0000000083600000, 0x0000000083700000, 0x0000000083700000|100%|HS|  |TAMS 0x0000000083600000| PB 0x0000000083600000| Complete 
|   1|0x0000000083700000, 0x0000000083800000, 0x0000000083800000|100%|HC|  |TAMS 0x0000000083700000| PB 0x0000000083700000| Complete 
|   2|0x0000000083800000, 0x0000000083900000, 0x0000000083900000|100%|HC|  |TAMS 0x0000000083800000| PB 0x0000000083800000| Complete 
|   3|0x0000000083900000, 0x0000000083a00000, 0x0000000083a00000|100%|HC|  |TAMS 0x0000000083900000| PB 0x0000000083900000| Complete 
|   4|0x0000000083a00000, 0x0000000083b00000, 0x0000000083b00000|100%|HC|  |TAMS 0x0000000083a00000| PB 0x0000000083a00000| Complete 
|   5|0x0000000083b00000, 0x0000000083c00000, 0x0000000083c00000|100%|HC|  |TAMS 0x0000000083b00000| PB 0x0000000083b00000| Complete 
|   6|0x0000000083c00000, 0x0000000083ce1c00, 0x0000000083d00000| 88%| O|  |TAMS 0x0000000083c00000| PB 0x0000000083c00000| Untracked 
|   7|0x0000000083d00000, 0x0000000083d00000, 0x0000000083e00000|  0%| F|  |TAMS 0x0000000083d00000| PB 0x0000000083d00000| Untracked 
|   8|0x0000000083e00000, 0x0000000083e00000, 0x0000000083f00000|  0%| F|  |TAMS 0x0000000083e00000| PB 0x0000000083e00000| Untracked 
|   9|0x0000000083f00000, 0x0000000083f00000, 0x0000000084000000|  0%| F|  |TAMS 0x0000000083f00000| PB 0x0000000083f00000| Untracked 
|  10|0x0000000084000000, 0x0000000084000000, 0x0000000084100000|  0%| F|  |TAMS 0x0000000084000000| PB 0x0000000084000000| Untracked 
|  11|0x0000000084100000, 0x0000000084100000, 0x0000000084200000|  0%| F|  |TAMS 0x0000000084100000| PB 0x0000000084100000| Untracked 
|  12|0x0000000084200000, 0x0000000084200000, 0x0000000084300000|  0%| F|  |TAMS 0x0000000084200000| PB 0x0000000084200000| Untracked 
|  13|0x0000000084300000, 0x0000000084300000, 0x0000000084400000|  0%| F|  |TAMS 0x0000000084300000| PB 0x0000000084300000| Untracked 
|  14|0x0000000084400000, 0x0000000084400000, 0x0000000084500000|  0%| F|  |TAMS 0x0000000084400000| PB 0x0000000084400000| Untracked 
|  15|0x0000000084500000, 0x0000000084500000, 0x0000000084600000|  0%| F|  |TAMS 0x0000000084500000| PB 0x0000000084500000| Untracked 
|  16|0x0000000084600000, 0x0000000084600000, 0x0000000084700000|  0%| F|  |TAMS 0x0000000084600000| PB 0x0000000084600000| Untracked 
|  17|0x0000000084700000, 0x0000000084700000, 0x0000000084800000|  0%| F|  |TAMS 0x0000000084700000| PB 0x0000000084700000| Untracked 
|  18|0x0000000084800000, 0x0000000084800000, 0x0000000084900000|  0%| F|  |TAMS 0x0000000084800000| PB 0x0000000084800000| Untracked 
|  19|0x0000000084900000, 0x0000000084900000, 0x0000000084a00000|  0%| F|  |TAMS 0x0000000084900000| PB 0x0000000084900000| Untracked 
|  20|0x0000000084a00000, 0x0000000084a00000, 0x0000000084b00000|  0%| F|  |TAMS 0x0000000084a00000| PB 0x0000000084a00000| Untracked 
|  21|0x0000000084b00000, 0x0000000084b00000, 0x0000000084c00000|  0%| F|  |TAMS 0x0000000084b00000| PB 0x0000000084b00000| Untracked 
|  22|0x0000000084c00000, 0x0000000084c00000, 0x0000000084d00000|  0%| F|  |TAMS 0x0000000084c00000| PB 0x0000000084c00000| Untracked 
|  23|0x0000000084d00000, 0x0000000084d00000, 0x0000000084e00000|  0%| F|  |TAMS 0x0000000084d00000| PB 0x0000000084d00000| Untracked 
|  24|0x0000000084e00000, 0x0000000084e00000, 0x0000000084f00000|  0%| F|  |TAMS 0x0000000084e00000| PB 0x0000000084e00000| Untracked 
|  25|0x0000000084f00000, 0x0000000084f00000, 0x0000000085000000|  0%| F|  |TAMS 0x0000000084f00000| PB 0x0000000084f00000| Untracked 
|  26|0x0000000085000000, 0x0000000085000000, 0x0000000085100000|  0%| F|  |TAMS 0x0000000085000000| PB 0x0000000085000000| Untracked 
|  27|0x0000000085100000, 0x0000000085100000, 0x0000000085200000|  0%| F|  |TAMS 0x0000000085100000| PB 0x0000000085100000| Untracked 
|  28|0x0000000085200000, 0x0000000085200000, 0x0000000085300000|  0%| F|  |TAMS 0x0000000085200000| PB 0x0000000085200000| Untracked 
|  29|0x0000000085300000, 0x0000000085300000, 0x0000000085400000|  0%| F|  |TAMS 0x0000000085300000| PB 0x0000000085300000| Untracked 
|  30|0x0000000085400000, 0x0000000085400000, 0x0000000085500000|  0%| F|  |TAMS 0x0000000085400000| PB 0x0000000085400000| Untracked 
|  31|0x0000000085500000, 0x0000000085500000, 0x0000000085600000|  0%| F|  |TAMS 0x0000000085500000| PB 0x0000000085500000| Untracked 
|  32|0x0000000085600000, 0x0000000085600000, 0x0000000085700000|  0%| F|  |TAMS 0x0000000085600000| PB 0x0000000085600000| Untracked 
|  33|0x0000000085700000, 0x0000000085700000, 0x0000000085800000|  0%| F|  |TAMS 0x0000000085700000| PB 0x0000000085700000| Untracked 
|  34|0x0000000085800000, 0x0000000085800000, 0x0000000085900000|  0%| F|  |TAMS 0x0000000085800000| PB 0x0000000085800000| Untracked 
|  35|0x0000000085900000, 0x0000000085900000, 0x0000000085a00000|  0%| F|  |TAMS 0x0000000085900000| PB 0x0000000085900000| Untracked 
|  36|0x0000000085a00000, 0x0000000085a00000, 0x0000000085b00000|  0%| F|  |TAMS 0x0000000085a00000| PB 0x0000000085a00000| Untracked 
|  37|0x0000000085b00000, 0x0000000085b00000, 0x0000000085c00000|  0%| F|  |TAMS 0x0000000085b00000| PB 0x0000000085b00000| Untracked 
|  38|0x0000000085c00000, 0x0000000085c00000, 0x0000000085d00000|  0%| F|  |TAMS 0x0000000085c00000| PB 0x0000000085c00000| Untracked 
|  39|0x0000000085d00000, 0x0000000085d00000, 0x0000000085e00000|  0%| F|  |TAMS 0x0000000085d00000| PB 0x0000000085d00000| Untracked 
|  40|0x0000000085e00000, 0x0000000085e00000, 0x0000000085f00000|  0%| F|  |TAMS 0x0000000085e00000| PB 0x0000000085e00000| Untracked 
|  41|0x0000000085f00000, 0x0000000085f00000, 0x0000000086000000|  0%| F|  |TAMS 0x0000000085f00000| PB 0x0000000085f00000| Untracked 
|  42|0x0000000086000000, 0x0000000086000000, 0x0000000086100000|  0%| F|  |TAMS 0x0000000086000000| PB 0x0000000086000000| Untracked 
|  43|0x0000000086100000, 0x0000000086100000, 0x0000000086200000|  0%| F|  |TAMS 0x0000000086100000| PB 0x0000000086100000| Untracked 
|  44|0x0000000086200000, 0x0000000086200000, 0x0000000086300000|  0%| F|  |TAMS 0x0000000086200000| PB 0x0000000086200000| Untracked 
|  45|0x0000000086300000, 0x0000000086300000, 0x0000000086400000|  0%| F|  |TAMS 0x0000000086300000| PB 0x0000000086300000| Untracked 
|  46|0x0000000086400000, 0x0000000086400000, 0x0000000086500000|  0%| F|  |TAMS 0x0000000086400000| PB 0x0000000086400000| Untracked 
|  47|0x0000000086500000, 0x0000000086500000, 0x0000000086600000|  0%| F|  |TAMS 0x0000000086500000| PB 0x0000000086500000| Untracked 
|  48|0x0000000086600000, 0x0000000086600000, 0x0000000086700000|  0%| F|  |TAMS 0x0000000086600000| PB 0x0000000086600000| Untracked 
|  49|0x0000000086700000, 0x0000000086700000, 0x0000000086800000|  0%| F|  |TAMS 0x0000000086700000| PB 0x0000000086700000| Untracked 
|  50|0x0000000086800000, 0x0000000086800000, 0x0000000086900000|  0%| F|  |TAMS 0x0000000086800000| PB 0x0000000086800000| Untracked 
|  51|0x0000000086900000, 0x0000000086900000, 0x0000000086a00000|  0%| F|  |TAMS 0x0000000086900000| PB 0x0000000086900000| Untracked 
|  52|0x0000000086a00000, 0x0000000086a00000, 0x0000000086b00000|  0%| F|  |TAMS 0x0000000086a00000| PB 0x0000000086a00000| Untracked 
|  53|0x0000000086b00000, 0x0000000086b00000, 0x0000000086c00000|  0%| F|  |TAMS 0x0000000086b00000| PB 0x0000000086b00000| Untracked 
|  54|0x0000000086c00000, 0x0000000086c00000, 0x0000000086d00000|  0%| F|  |TAMS 0x0000000086c00000| PB 0x0000000086c00000| Untracked 
|  55|0x0000000086d00000, 0x0000000086d00000, 0x0000000086e00000|  0%| F|  |TAMS 0x0000000086d00000| PB 0x0000000086d00000| Untracked 
|  56|0x0000000086e00000, 0x0000000086e00000, 0x0000000086f00000|  0%| F|  |TAMS 0x0000000086e00000| PB 0x0000000086e00000| Untracked 
|  57|0x0000000086f00000, 0x0000000086f00000, 0x0000000087000000|  0%| F|  |TAMS 0x0000000086f00000| PB 0x0000000086f00000| Untracked 
|  58|0x0000000087000000, 0x0000000087000000, 0x0000000087100000|  0%| F|  |TAMS 0x0000000087000000| PB 0x0000000087000000| Untracked 
|  59|0x0000000087100000, 0x0000000087100000, 0x0000000087200000|  0%| F|  |TAMS 0x0000000087100000| PB 0x0000000087100000| Untracked 
|  60|0x0000000087200000, 0x0000000087200000, 0x0000000087300000|  0%| F|  |TAMS 0x0000000087200000| PB 0x0000000087200000| Untracked 
|  61|0x0000000087300000, 0x0000000087300000, 0x0000000087400000|  0%| F|  |TAMS 0x0000000087300000| PB 0x0000000087300000| Untracked 
|  62|0x0000000087400000, 0x0000000087400000, 0x0000000087500000|  0%| F|  |TAMS 0x0000000087400000| PB 0x0000000087400000| Untracked 
|  63|0x0000000087500000, 0x0000000087500000, 0x0000000087600000|  0%| F|  |TAMS 0x0000000087500000| PB 0x0000000087500000| Untracked 
|  64|0x0000000087600000, 0x0000000087600000, 0x0000000087700000|  0%| F|  |TAMS 0x0000000087600000| PB 0x0000000087600000| Untracked 
|  65|0x0000000087700000, 0x0000000087700000, 0x0000000087800000|  0%| F|  |TAMS 0x0000000087700000| PB 0x0000000087700000| Untracked 
|  66|0x0000000087800000, 0x0000000087800000, 0x0000000087900000|  0%| F|  |TAMS 0x0000000087800000| PB 0x0000000087800000| Untracked 
|  67|0x0000000087900000, 0x0000000087900000, 0x0000000087a00000|  0%| F|  |TAMS 0x0000000087900000| PB 0x0000000087900000| Untracked 
|  68|0x0000000087a00000, 0x0000000087a00000, 0x0000000087b00000|  0%| F|  |TAMS 0x0000000087a00000| PB 0x0000000087a00000| Untracked 
|  69|0x0000000087b00000, 0x0000000087b00000, 0x0000000087c00000|  0%| F|  |TAMS 0x0000000087b00000| PB 0x0000000087b00000| Untracked 
|  70|0x0000000087c00000, 0x0000000087c00000, 0x0000000087d00000|  0%| F|  |TAMS 0x0000000087c00000| PB 0x0000000087c00000| Untracked 
|  71|0x0000000087d00000, 0x0000000087d00000, 0x0000000087e00000|  0%| F|  |TAMS 0x0000000087d00000| PB 0x0000000087d00000| Untracked 
|  72|0x0000000087e00000, 0x0000000087e00000, 0x0000000087f00000|  0%| F|  |TAMS 0x0000000087e00000| PB 0x0000000087e00000| Untracked 
|  73|0x0000000087f00000, 0x0000000087f00000, 0x0000000088000000|  0%| F|  |TAMS 0x0000000087f00000| PB 0x0000000087f00000| Untracked 
|  74|0x0000000088000000, 0x0000000088000000, 0x0000000088100000|  0%| F|  |TAMS 0x0000000088000000| PB 0x0000000088000000| Untracked 
|  75|0x0000000088100000, 0x0000000088100000, 0x0000000088200000|  0%| F|  |TAMS 0x0000000088100000| PB 0x0000000088100000| Untracked 
|  76|0x0000000088200000, 0x0000000088200000, 0x0000000088300000|  0%| F|  |TAMS 0x0000000088200000| PB 0x0000000088200000| Untracked 
|  77|0x0000000088300000, 0x0000000088300000, 0x0000000088400000|  0%| F|  |TAMS 0x0000000088300000| PB 0x0000000088300000| Untracked 
|  78|0x0000000088400000, 0x0000000088400000, 0x0000000088500000|  0%| F|  |TAMS 0x0000000088400000| PB 0x0000000088400000| Untracked 
|  79|0x0000000088500000, 0x0000000088500000, 0x0000000088600000|  0%| F|  |TAMS 0x0000000088500000| PB 0x0000000088500000| Untracked 
|  80|0x0000000088600000, 0x0000000088600000, 0x0000000088700000|  0%| F|  |TAMS 0x0000000088600000| PB 0x0000000088600000| Untracked 
|  81|0x0000000088700000, 0x0000000088700000, 0x0000000088800000|  0%| F|  |TAMS 0x0000000088700000| PB 0x0000000088700000| Untracked 
|  82|0x0000000088800000, 0x0000000088800000, 0x0000000088900000|  0%| F|  |TAMS 0x0000000088800000| PB 0x0000000088800000| Untracked 
|  83|0x0000000088900000, 0x0000000088900000, 0x0000000088a00000|  0%| F|  |TAMS 0x0000000088900000| PB 0x0000000088900000| Untracked 
|  84|0x0000000088a00000, 0x0000000088a00000, 0x0000000088b00000|  0%| F|  |TAMS 0x0000000088a00000| PB 0x0000000088a00000| Untracked 
|  85|0x0000000088b00000, 0x0000000088b00000, 0x0000000088c00000|  0%| F|  |TAMS 0x0000000088b00000| PB 0x0000000088b00000| Untracked 
|  86|0x0000000088c00000, 0x0000000088c00000, 0x0000000088d00000|  0%| F|  |TAMS 0x0000000088c00000| PB 0x0000000088c00000| Untracked 
|  87|0x0000000088d00000, 0x0000000088d00000, 0x0000000088e00000|  0%| F|  |TAMS 0x0000000088d00000| PB 0x0000000088d00000| Untracked 
|  88|0x0000000088e00000, 0x0000000088e00000, 0x0000000088f00000|  0%| F|  |TAMS 0x0000000088e00000| PB 0x0000000088e00000| Untracked 
|  89|0x0000000088f00000, 0x0000000088f00000, 0x0000000089000000|  0%| F|  |TAMS 0x0000000088f00000| PB 0x0000000088f00000| Untracked 
|  90|0x0000000089000000, 0x0000000089000000, 0x0000000089100000|  0%| F|  |TAMS 0x0000000089000000| PB 0x0000000089000000| Untracked 
|  91|0x0000000089100000, 0x0000000089100000, 0x0000000089200000|  0%| F|  |TAMS 0x0000000089100000| PB 0x0000000089100000| Untracked 
|  92|0x0000000089200000, 0x0000000089200000, 0x0000000089300000|  0%| F|  |TAMS 0x0000000089200000| PB 0x0000000089200000| Untracked 
|  93|0x0000000089300000, 0x0000000089300000, 0x0000000089400000|  0%| F|  |TAMS 0x0000000089300000| PB 0x0000000089300000| Untracked 
|  94|0x0000000089400000, 0x0000000089400000, 0x0000000089500000|  0%| F|  |TAMS 0x0000000089400000| PB 0x0000000089400000| Untracked 
|  95|0x0000000089500000, 0x0000000089500000, 0x0000000089600000|  0%| F|  |TAMS 0x0000000089500000| PB 0x0000000089500000| Untracked 
|  96|0x0000000089600000, 0x0000000089600000, 0x0000000089700000|  0%| F|  |TAMS 0x0000000089600000| PB 0x0000000089600000| Untracked 
|  97|0x0000000089700000, 0x0000000089700000, 0x0000000089800000|  0%| F|  |TAMS 0x0000000089700000| PB 0x0000000089700000| Untracked 
|  98|0x0000000089800000, 0x0000000089800000, 0x0000000089900000|  0%| F|  |TAMS 0x0000000089800000| PB 0x0000000089800000| Untracked 
|  99|0x0000000089900000, 0x0000000089900000, 0x0000000089a00000|  0%| F|  |TAMS 0x0000000089900000| PB 0x0000000089900000| Untracked 
| 100|0x0000000089a00000, 0x0000000089a00000, 0x0000000089b00000|  0%| F|  |TAMS 0x0000000089a00000| PB 0x0000000089a00000| Untracked 
| 101|0x0000000089b00000, 0x0000000089b00000, 0x0000000089c00000|  0%| F|  |TAMS 0x0000000089b00000| PB 0x0000000089b00000| Untracked 
| 102|0x0000000089c00000, 0x0000000089c00000, 0x0000000089d00000|  0%| F|  |TAMS 0x0000000089c00000| PB 0x0000000089c00000| Untracked 
| 103|0x0000000089d00000, 0x0000000089d00000, 0x0000000089e00000|  0%| F|  |TAMS 0x0000000089d00000| PB 0x0000000089d00000| Untracked 
| 104|0x0000000089e00000, 0x0000000089e00000, 0x0000000089f00000|  0%| F|  |TAMS 0x0000000089e00000| PB 0x0000000089e00000| Untracked 
| 105|0x0000000089f00000, 0x0000000089f00000, 0x000000008a000000|  0%| F|  |TAMS 0x0000000089f00000| PB 0x0000000089f00000| Untracked 
| 106|0x000000008a000000, 0x000000008a000000, 0x000000008a100000|  0%| F|  |TAMS 0x000000008a000000| PB 0x000000008a000000| Untracked 
| 107|0x000000008a100000, 0x000000008a100000, 0x000000008a200000|  0%| F|  |TAMS 0x000000008a100000| PB 0x000000008a100000| Untracked 
| 108|0x000000008a200000, 0x000000008a200000, 0x000000008a300000|  0%| F|  |TAMS 0x000000008a200000| PB 0x000000008a200000| Untracked 
| 109|0x000000008a300000, 0x000000008a300000, 0x000000008a400000|  0%| F|  |TAMS 0x000000008a300000| PB 0x000000008a300000| Untracked 
| 110|0x000000008a400000, 0x000000008a400000, 0x000000008a500000|  0%| F|  |TAMS 0x000000008a400000| PB 0x000000008a400000| Untracked 
| 111|0x000000008a500000, 0x000000008a600000, 0x000000008a600000|100%| S|CS|TAMS 0x000000008a500000| PB 0x000000008a500000| Complete 
| 112|0x000000008a600000, 0x000000008a700000, 0x000000008a700000|100%| S|CS|TAMS 0x000000008a600000| PB 0x000000008a600000| Complete 
| 113|0x000000008a700000, 0x000000008a700000, 0x000000008a800000|  0%| F|  |TAMS 0x000000008a700000| PB 0x000000008a700000| Untracked 
| 114|0x000000008a800000, 0x000000008a800000, 0x000000008a900000|  0%| F|  |TAMS 0x000000008a800000| PB 0x000000008a800000| Untracked 
| 115|0x000000008a900000, 0x000000008a900000, 0x000000008aa00000|  0%| F|  |TAMS 0x000000008a900000| PB 0x000000008a900000| Untracked 
| 116|0x000000008aa00000, 0x000000008aa00000, 0x000000008ab00000|  0%| F|  |TAMS 0x000000008aa00000| PB 0x000000008aa00000| Untracked 
| 117|0x000000008ab00000, 0x000000008ab00000, 0x000000008ac00000|  0%| F|  |TAMS 0x000000008ab00000| PB 0x000000008ab00000| Untracked 
| 118|0x000000008ac00000, 0x000000008ac00000, 0x000000008ad00000|  0%| F|  |TAMS 0x000000008ac00000| PB 0x000000008ac00000| Untracked 
| 119|0x000000008ad00000, 0x000000008ad00000, 0x000000008ae00000|  0%| F|  |TAMS 0x000000008ad00000| PB 0x000000008ad00000| Untracked 
| 120|0x000000008ae00000, 0x000000008ae00000, 0x000000008af00000|  0%| F|  |TAMS 0x000000008ae00000| PB 0x000000008ae00000| Untracked 
| 121|0x000000008af00000, 0x000000008af00000, 0x000000008b000000|  0%| F|  |TAMS 0x000000008af00000| PB 0x000000008af00000| Untracked 
| 122|0x000000008b000000, 0x000000008b000000, 0x000000008b100000|  0%| F|  |TAMS 0x000000008b000000| PB 0x000000008b000000| Untracked 
| 123|0x000000008b100000, 0x000000008b100000, 0x000000008b200000|  0%| F|  |TAMS 0x000000008b100000| PB 0x000000008b100000| Untracked 
| 124|0x000000008b200000, 0x000000008b300000, 0x000000008b300000|100%| E|  |TAMS 0x000000008b200000| PB 0x000000008b200000| Complete 
| 125|0x000000008b300000, 0x000000008b400000, 0x000000008b400000|100%| E|CS|TAMS 0x000000008b300000| PB 0x000000008b300000| Complete 

Card table byte_map: [0x000001fdf5370000,0x000001fdf5760000] _byte_map_base: 0x000001fdf4f55000

Marking Bits: (CMBitMap*) 0x000001fddc0c6010
 Bits: [0x000001fdf5b50000, 0x000001fdf7a78000)

Polling page: 0x000001fddbf20000

Metaspace:

Usage:
  Non-class:      7.87 MB used.
      Class:      1.03 MB used.
       Both:      8.90 MB used.

Virtual space:
  Non-class space:       64.00 MB reserved,       7.94 MB ( 12%) committed,  1 nodes.
      Class space:        1.00 GB reserved,       1.12 MB ( <1%) committed,  1 nodes.
             Both:        1.06 GB reserved,       9.06 MB ( <1%) committed. 

Chunk freelists:
   Non-Class:  17.00 KB
       Class:  2.72 MB
        Both:  2.74 MB

MaxMetaspaceSize: unlimited
CompressedClassSpaceSize: 1.00 GB
Initial GC threshold: 21.00 MB
Current GC threshold: 21.00 MB
CDS: on
MetaspaceReclaimPolicy: balanced
 - commit_granule_bytes: 65536.
 - commit_granule_words: 8192.
 - virtual_space_node_default_size: 8388608.
 - enlarge_chunks_in_place: 1.
 - new_chunks_are_fully_committed: 0.
 - uncommit_free_chunks: 1.
 - use_allocation_guard: 0.


Internal statistics:

num_allocs_failed_limit: 0.
num_arena_births: 142.
num_arena_deaths: 0.
num_vsnodes_births: 2.
num_vsnodes_deaths: 0.
num_space_committed: 145.
num_space_uncommitted: 0.
num_chunks_returned_to_freelist: 0.
num_chunks_taken_from_freelist: 189.
num_chunk_merges: 0.
num_chunk_splits: 106.
num_chunks_enlarged: 39.
num_inconsistent_stats: 0.

CodeHeap 'non-profiled nmethods': size=120000Kb used=315Kb max_used=315Kb free=119684Kb
 bounds [0x000001fded430000, 0x000001fded6a0000, 0x000001fdf4960000]
CodeHeap 'profiled nmethods': size=120000Kb used=1756Kb max_used=1756Kb free=118243Kb
 bounds [0x000001fde5960000, 0x000001fde5bd0000, 0x000001fdece90000]
CodeHeap 'non-nmethods': size=5760Kb used=1833Kb max_used=1842Kb free=3926Kb
 bounds [0x000001fdece90000, 0x000001fded100000, 0x000001fded430000]
 total_blobs=1750 nmethods=1120 adapters=541
 compilation: enabled
              stopped_count=0, restarted_count=0
 full_count=0

Compilation events (20 events):
Event: 0.828 Thread 0x000001fdfa099a80 nmethod 1111 0x000001fde5b13490 code [0x000001fde5b13720, 0x000001fde5b14070]
Event: 0.828 Thread 0x000001fdfe9286c0 nmethod 1113 0x000001fded47dd90 code [0x000001fded47df00, 0x000001fded47df90]
Event: 0.828 Thread 0x000001fdfa099a80 1114       3       jdk.internal.misc.Unsafe::getByte (7 bytes)
Event: 0.828 Thread 0x000001fdfa099a80 nmethod 1114 0x000001fde5b14490 code [0x000001fde5b14620, 0x000001fde5b14740]
Event: 0.830 Thread 0x000001fdfe9286c0 1115       4       java.lang.ref.Reference::refersTo (6 bytes)
Event: 0.830 Thread 0x000001fdfe9286c0 nmethod 1115 0x000001fded47e090 code [0x000001fded47e200, 0x000001fded47e2d0]
Event: 0.830 Thread 0x000001fdfa099a80 1116       3       sun.java2d.marlin.FloatMath::ceil_int (29 bytes)
Event: 0.830 Thread 0x000001fdfa099a80 nmethod 1116 0x000001fde5b14810 code [0x000001fde5b149a0, 0x000001fde5b14c88]
Event: 0.831 Thread 0x000001fdfe9286c0 1117       4       java.util.Arrays::binarySearch0 (95 bytes)
Event: 0.831 Thread 0x000001fdfa099a80 1118       3       sun.java2d.marlin.FloatMath::min (11 bytes)
Event: 0.831 Thread 0x000001fdfa099a80 nmethod 1118 0x000001fde5b14d90 code [0x000001fde5b14f20, 0x000001fde5b15060]
Event: 0.831 Thread 0x000001fdfa099a80 1119       3       sun.java2d.marlin.FloatMath::max (11 bytes)
Event: 0.831 Thread 0x000001fdfa099a80 nmethod 1119 0x000001fde5b15110 code [0x000001fde5b152a0, 0x000001fde5b153e0]
Event: 0.832 Thread 0x000001fdfa099a80 1120   !   3       javax.swing.JComponent::getClientProperty (56 bytes)
Event: 0.833 Thread 0x000001fdfa099a80 nmethod 1120 0x000001fde5b15490 code [0x000001fde5b15660, 0x000001fde5b15a38]
Event: 0.833 Thread 0x000001fdfe9286c0 nmethod 1117 0x000001fded47e390 code [0x000001fded47e500, 0x000001fded47e770]
Event: 0.834 Thread 0x000001fdfa099a80 1121       3       sun.java2d.marlin.Renderer::addLine (538 bytes)
Event: 0.834 Thread 0x000001fdfe9286c0 1122       4       jdk.internal.misc.Unsafe::getByte (7 bytes)
Event: 0.834 Thread 0x000001fdfe9286c0 nmethod 1122 0x000001fded47e990 code [0x000001fded47eb00, 0x000001fded47eb90]
Event: 0.835 Thread 0x000001fdfa099a80 nmethod 1121 0x000001fde5b15b90 code [0x000001fde5b15e20, 0x000001fde5b16b00]

GC Heap History (2 events):
Event: 0.782 GC heap before
{Heap before GC invocations=0 (full 0):
 garbage-first heap   total 129024K, used 19456K [0x0000000083600000, 0x0000000100000000)
  region size 1024K, 13 young (13312K), 0 survivors (0K)
 Metaspace       used 8517K, committed 8704K, reserved 1114112K
  class space    used 996K, committed 1088K, reserved 1048576K
}
Event: 0.789 GC heap after
{Heap after GC invocations=1 (full 0):
 garbage-first heap   total 129024K, used 9095K [0x0000000083600000, 0x0000000100000000)
  region size 1024K, 2 young (2048K), 2 survivors (2048K)
 Metaspace       used 8517K, committed 8704K, reserved 1114112K
  class space    used 996K, committed 1088K, reserved 1048576K
}

Dll operation events (9 events):
Event: 0.011 Loaded shared library C:\Program Files\Java\jdk-20\bin\java.dll
Event: 0.030 Loaded shared library C:\Program Files\Java\jdk-20\bin\jsvml.dll
Event: 0.069 Loaded shared library C:\Program Files\Java\jdk-20\bin\net.dll
Event: 0.070 Loaded shared library C:\Program Files\Java\jdk-20\bin\nio.dll
Event: 0.289 Loaded shared library C:\Program Files\Java\jdk-20\bin\zip.dll
Event: 0.308 Loaded shared library C:\Program Files\Java\jdk-20\bin\jimage.dll
Event: 0.323 Loaded shared library C:\Program Files\Java\jdk-20\bin\awt.dll
Event: 0.521 Loaded shared library C:\Program Files\Java\jdk-20\bin\freetype.dll
Event: 0.521 Loaded shared library C:\Program Files\Java\jdk-20\bin\fontmanager.dll

Deoptimization events (20 events):
Event: 0.638 Thread 0x000001fdfe909a90 Uncommon trap: trap_request=0xffffff45 fr.pc=0x000001fded46a290 relative=0x00000000000004d0
Event: 0.638 Thread 0x000001fdfe909a90 Uncommon trap: reason=unstable_if action=reinterpret pc=0x000001fded46a290 method=java.lang.StringLatin1.toLowerCase(Ljava/lang/String;[BLjava/util/Locale;)Ljava/lang/String; @ 43 c2
Event: 0.638 Thread 0x000001fdfe909a90 DEOPT PACKING pc=0x000001fded46a290 sp=0x000000f92ecfd3b0
Event: 0.638 Thread 0x000001fdfe909a90 DEOPT UNPACKING pc=0x000001fdecead2a2 sp=0x000000f92ecfd330 mode 2
Event: 0.653 Thread 0x000001fdfe909a90 DEOPT PACKING pc=0x000001fde597545a sp=0x000000f92ecfcd50
Event: 0.653 Thread 0x000001fdfe909a90 DEOPT UNPACKING pc=0x000001fdecefe462 sp=0x000000f92ecfc170 mode 0
Event: 0.687 Thread 0x000001fdfe909a90 DEOPT PACKING pc=0x000001fde5968dc5 sp=0x000000f92ecfcb90
Event: 0.687 Thread 0x000001fdfe909a90 DEOPT UNPACKING pc=0x000001fdecefe462 sp=0x000000f92ecfc008 mode 0
Event: 0.742 Thread 0x000001fdfe909a90 Uncommon trap: trap_request=0xffffff45 fr.pc=0x000001fded43b6a0 relative=0x00000000000000a0
Event: 0.742 Thread 0x000001fdfe909a90 Uncommon trap: reason=unstable_if action=reinterpret pc=0x000001fded43b6a0 method=java.lang.String.isLatin1()Z @ 10 c2
Event: 0.742 Thread 0x000001fdfe909a90 DEOPT PACKING pc=0x000001fded43b6a0 sp=0x000000f92ecfd1a0
Event: 0.742 Thread 0x000001fdfe909a90 DEOPT UNPACKING pc=0x000001fdecead2a2 sp=0x000000f92ecfd0d0 mode 2
Event: 0.764 Thread 0x000001fdfe909a90 Uncommon trap: trap_request=0xffffff45 fr.pc=0x000001fded478d70 relative=0x00000000000003d0
Event: 0.764 Thread 0x000001fdfe909a90 Uncommon trap: reason=unstable_if action=reinterpret pc=0x000001fded478d70 method=java.lang.Character.isSurrogate(C)Z @ 3 c2
Event: 0.764 Thread 0x000001fdfe909a90 DEOPT PACKING pc=0x000001fded478d70 sp=0x000000f92ecfcdf0
Event: 0.764 Thread 0x000001fdfe909a90 DEOPT UNPACKING pc=0x000001fdecead2a2 sp=0x000000f92ecfcd18 mode 2
Event: 0.820 Thread 0x000001fdfe909a90 Uncommon trap: trap_request=0xffffff45 fr.pc=0x000001fded477ee0 relative=0x0000000000000140
Event: 0.820 Thread 0x000001fdfe909a90 Uncommon trap: reason=unstable_if action=reinterpret pc=0x000001fded477ee0 method=java.lang.ThreadLocal$ThreadLocalMap.getEntry(Ljava/lang/ThreadLocal;)Ljava/lang/ThreadLocal$ThreadLocalMap$Entry; @ 21 c2
Event: 0.820 Thread 0x000001fdfe909a90 DEOPT PACKING pc=0x000001fded477ee0 sp=0x000000f92ecfd700
Event: 0.820 Thread 0x000001fdfe909a90 DEOPT UNPACKING pc=0x000001fdecead2a2 sp=0x000000f92ecfd630 mode 2

Classes loaded (20 events):
Event: 0.826 Loading class sun/java2d/marlin/Helpers
Event: 0.826 Loading class sun/java2d/marlin/Helpers done
Event: 0.826 Loading class java/lang/FdLibm$Cbrt
Event: 0.827 Loading class java/lang/FdLibm$Cbrt done
Event: 0.827 Loading class java/lang/FdLibm
Event: 0.827 Loading class java/lang/FdLibm done
Event: 0.828 Loading class sun/java2d/marlin/ArrayCacheConst
Event: 0.828 Loading class sun/java2d/marlin/ArrayCacheConst done
Event: 0.835 Loading class javax/swing/plaf/basic/BasicGraphicsUtils
Event: 0.835 Loading class javax/swing/plaf/basic/BasicGraphicsUtils done
Event: 0.838 Loading class java/awt/im/InputContext
Event: 0.838 Loading class java/awt/im/InputContext done
Event: 0.838 Loading class sun/awt/im/InputMethodContext
Event: 0.838 Loading class java/awt/im/spi/InputMethodContext
Event: 0.838 Loading class java/awt/im/InputMethodRequests
Event: 0.838 Loading class java/awt/im/InputMethodRequests done
Event: 0.838 Loading class java/awt/im/spi/InputMethodContext done
Event: 0.838 Loading class sun/awt/im/InputContext
Event: 0.839 Loading class sun/awt/im/InputContext done
Event: 0.839 Loading class sun/awt/im/InputMethodContext done

Classes unloaded (0 events):
No events

Classes redefined (0 events):
No events

Internal exceptions (15 events):
Event: 0.071 Thread 0x000001fddc065e80 Exception <a 'sun/nio/fs/WindowsException'{0x000000008b23f8a0}> (0x000000008b23f8a0) 
thrown [s\open\src\hotspot\share\prims\jni.cpp, line 519]
Event: 0.073 Thread 0x000001fddc065e80 Exception <a 'sun/nio/fs/WindowsException'{0x000000008b241e50}> (0x000000008b241e50) 
thrown [s\open\src\hotspot\share\prims\jni.cpp, line 519]
Event: 0.073 Thread 0x000001fddc065e80 Exception <a 'sun/nio/fs/WindowsException'{0x000000008b242948}> (0x000000008b242948) 
thrown [s\open\src\hotspot\share\prims\jni.cpp, line 519]
Event: 0.314 Thread 0x000001fddc065e80 Exception <a 'java/lang/ClassNotFoundException'{0x000000008b1afa60}: sun/awt/resources/spi/awtProvider> (0x000000008b1afa60) 
thrown [s\open\src\hotspot\share\classfile\systemDictionary.cpp, line 305]
Event: 0.333 Thread 0x000001fddc065e80 Exception <a 'java/io/FileNotFoundException'{0x000000008b0067d8}> (0x000000008b0067d8) 
thrown [s\open\src\hotspot\share\prims\jni.cpp, line 519]
Event: 0.339 Thread 0x000001fddc065e80 Exception <a 'java/io/FileNotFoundException'{0x000000008b030768}> (0x000000008b030768) 
thrown [s\open\src\hotspot\share\prims\jni.cpp, line 519]
Event: 0.395 Thread 0x000001fddc065e80 Exception <a 'java/lang/NoSuchMethodError'{0x000000008af82d30}: 'void java.lang.invoke.DirectMethodHandle$Holder.invokeSpecial(java.lang.Object, java.lang.Object, java.lang.Object)'> (0x000000008af82d30) 
thrown [s\open\src\hotspot\share\interpreter\linkResolver.cpp, line 773]
Event: 0.404 Thread 0x000001fddc065e80 Exception <a 'java/lang/NoSuchMethodError'{0x000000008afad610}: 'java.lang.Object java.lang.invoke.DirectMethodHandle$Holder.newInvokeSpecial(java.lang.Object, java.lang.Object, java.lang.Object, java.lang.Object, java.lang.Object)'> (0x000000008afad610) 
thrown [s\open\src\hotspot\share\interpreter\linkResolver.cpp, line 773]
Event: 0.409 Thread 0x000001fddc065e80 Exception <a 'java/lang/NoSuchMethodError'{0x000000008afde120}: 'java.lang.Object java.lang.invoke.DirectMethodHandle$Holder.invokeStatic(java.lang.Object, int, java.lang.Object)'> (0x000000008afde120) 
thrown [s\open\src\hotspot\share\interpreter\linkResolver.cpp, line 773]
Event: 0.427 Thread 0x000001fddc065e80 Exception <a 'java/lang/ClassNotFoundException'{0x000000008ae99978}: com/sun/swing/internal/plaf/metal/resources/spi/metalProvider> (0x000000008ae99978) 
thrown [s\open\src\hotspot\share\classfile\systemDictionary.cpp, line 305]
Event: 0.428 Thread 0x000001fddc065e80 Exception <a 'java/lang/ClassNotFoundException'{0x000000008ae9d888}: com/sun/swing/internal/plaf/basic/resources/spi/basicProvider> (0x000000008ae9d888) 
thrown [s\open\src\hotspot\share\classfile\systemDictionary.cpp, line 305]
Event: 0.437 Thread 0x000001fddc065e80 Exception <a 'java/lang/NoSuchMethodError'{0x000000008aebca58}: 'int java.lang.invoke.Invokers$Holder.invokeExact_MT(java.lang.Object, java.lang.Object)'> (0x000000008aebca58) 
thrown [s\open\src\hotspot\share\interpreter\linkResolver.cpp, line 773]
Event: 0.504 Thread 0x000001fdfe7ef390 Exception <a 'java/lang/NoSuchMethodError'{0x000000008af0f900}: 'void java.lang.invoke.DirectMethodHandle$Holder.invokeVirtual(java.lang.Object, java.lang.Object)'> (0x000000008af0f900) 
thrown [s\open\src\hotspot\share\interpreter\linkResolver.cpp, line 773]
Event: 0.517 Thread 0x000001fddc065e80 Exception <a 'java/lang/NoSuchMethodError'{0x000000008ad8a738}: 'void java.lang.invoke.DirectMethodHandle$Holder.invokeStaticInit(java.lang.Object)'> (0x000000008ad8a738) 
thrown [s\open\src\hotspot\share\interpreter\linkResolver.cpp, line 773]
Event: 0.820 Thread 0x000001fdfe909a90 Implicit null exception at 0x000001fded477e0c to 0x000001fded477ec4

VM Operations (20 events):
Event: 0.074 Executing VM operation: HandshakeAllThreads
Event: 0.074 Executing VM operation: HandshakeAllThreads done
Event: 0.344 Executing VM operation: HandshakeAllThreads
Event: 0.344 Executing VM operation: HandshakeAllThreads done
Event: 0.348 Executing VM operation: ChangeBreakpoints
Event: 0.348 Executing VM operation: ChangeBreakpoints done
Event: 0.348 Executing VM operation: ChangeBreakpoints
Event: 0.348 Executing VM operation: ChangeBreakpoints done
Event: 0.442 Executing VM operation: HandshakeAllThreads
Event: 0.442 Executing VM operation: HandshakeAllThreads done
Event: 0.478 Executing VM operation: ChangeBreakpoints
Event: 0.478 Executing VM operation: ChangeBreakpoints done
Event: 0.478 Executing VM operation: ChangeBreakpoints
Event: 0.478 Executing VM operation: ChangeBreakpoints done
Event: 0.782 Executing VM operation: G1CollectForAllocation
Event: 0.790 Executing VM operation: G1CollectForAllocation done
Event: 0.809 Executing VM operation: HandshakeAllThreads
Event: 0.809 Executing VM operation: HandshakeAllThreads done
Event: 0.809 Executing VM operation: HandshakeAllThreads
Event: 0.809 Executing VM operation: HandshakeAllThreads done

Events (20 events):
Event: 0.039 Thread 0x000001fdfa083720 Thread added: 0x000001fdfa083720
Event: 0.039 Thread 0x000001fdfa085c10 Thread added: 0x000001fdfa085c10
Event: 0.039 Thread 0x000001fdfa089bf0 Thread added: 0x000001fdfa089bf0
Event: 0.039 Thread 0x000001fdfa08a620 Thread added: 0x000001fdfa08a620
Event: 0.039 Thread 0x000001fdfa094f90 Thread added: 0x000001fdfa094f90
Event: 0.039 Thread 0x000001fdfa099100 Thread added: 0x000001fdfa099100
Event: 0.039 Thread 0x000001fdfa099a80 Thread added: 0x000001fdfa099a80
Event: 0.059 Thread 0x000001fdfe4f5ab0 Thread added: 0x000001fdfe4f5ab0
Event: 0.223 Thread 0x000001fdfe5c55b0 Thread added: 0x000001fdfe5c55b0
Event: 0.223 Thread 0x000001fdfe5c8420 Thread added: 0x000001fdfe5c8420
Event: 0.223 Thread 0x000001fdfe5b02d0 Thread added: 0x000001fdfe5b02d0
Event: 0.276 Thread 0x000001fdfe5b2900 Thread added: 0x000001fdfe5b2900
Event: 0.369 Thread 0x000001fdfe7c5ad0 Thread added: 0x000001fdfe7c5ad0
Event: 0.370 Thread 0x000001fdfe7ec020 Thread added: 0x000001fdfe7ec020
Event: 0.372 Thread 0x000001fdfe7ef390 Thread added: 0x000001fdfe7ef390
Event: 0.460 Thread 0x000001fdfe909a90 Thread added: 0x000001fdfe909a90
Event: 0.589 Thread 0x000001fdfe9953a0 Thread added: 0x000001fdfe9953a0
Event: 0.597 Thread 0x000001fddc065e80 Thread exited: 0x000001fddc065e80
Event: 0.597 Thread 0x000001fddc065e80 Thread added: 0x000001fddc065e80
Event: 0.810 Thread 0x000001fdfe9286c0 Thread added: 0x000001fdfe9286c0


Dynamic libraries:
0x00007ff7cc750000 - 0x00007ff7cc760000 	C:\Program Files\Java\jdk-20\bin\java.exe
0x00007fff2fcf0000 - 0x00007fff2ff04000 	C:\WINDOWS\SYSTEM32\ntdll.dll
0x00007fff2f6b0000 - 0x00007fff2f774000 	C:\WINDOWS\System32\KERNEL32.DLL
0x00007fff2d210000 - 0x00007fff2d5b4000 	C:\WINDOWS\System32\KERNELBASE.dll
0x00007fff2d660000 - 0x00007fff2d771000 	C:\WINDOWS\System32\ucrtbase.dll
0x00007fff1ac40000 - 0x00007fff1ac5b000 	C:\Program Files\Java\jdk-20\bin\VCRUNTIME140.dll
0x00007fff01f60000 - 0x00007fff01f79000 	C:\Program Files\Java\jdk-20\bin\jli.dll
0x00007fff2f030000 - 0x00007fff2f0e0000 	C:\WINDOWS\System32\ADVAPI32.dll
0x00007fff2f0e0000 - 0x00007fff2f187000 	C:\WINDOWS\System32\msvcrt.dll
0x00007fff2da80000 - 0x00007fff2db26000 	C:\WINDOWS\System32\sechost.dll
0x00007fff2ef10000 - 0x00007fff2f027000 	C:\WINDOWS\System32\RPCRT4.dll
0x00007fff2f8d0000 - 0x00007fff2fa7e000 	C:\WINDOWS\System32\USER32.dll
0x00007fff2d160000 - 0x00007fff2d186000 	C:\WINDOWS\System32\win32u.dll
0x00007fff2e1d0000 - 0x00007fff2e1f9000 	C:\WINDOWS\System32\GDI32.dll
0x00007fff2d780000 - 0x00007fff2d898000 	C:\WINDOWS\System32\gdi32full.dll
0x00007fff2d5c0000 - 0x00007fff2d65a000 	C:\WINDOWS\System32\msvcp_win.dll
0x00007fff16430000 - 0x00007fff166c3000 	C:\WINDOWS\WinSxS\amd64_microsoft.windows.common-controls_6595b64144ccf1df_6.0.22621.2215_none_270d72677387dfc3\COMCTL32.dll
0x00007fff21010000 - 0x00007fff2101a000 	C:\WINDOWS\SYSTEM32\VERSION.dll
0x00007fff2ee70000 - 0x00007fff2eea1000 	C:\WINDOWS\System32\IMM32.DLL
0x00007fff1ac30000 - 0x00007fff1ac3c000 	C:\Program Files\Java\jdk-20\bin\vcruntime140_1.dll
0x00007ffefc870000 - 0x00007ffefc8fe000 	C:\Program Files\Java\jdk-20\bin\msvcp140.dll
0x00007ffeb7bd0000 - 0x00007ffeb8868000 	C:\Program Files\Java\jdk-20\bin\server\jvm.dll
0x00007fff1acc0000 - 0x00007fff1acc9000 	C:\WINDOWS\SYSTEM32\WSOCK32.dll
0x00007fff2db30000 - 0x00007fff2dba1000 	C:\WINDOWS\System32\WS2_32.dll
0x00007fff29d20000 - 0x00007fff29d54000 	C:\WINDOWS\SYSTEM32\WINMM.dll
0x00007fff2c0a0000 - 0x00007fff2c0b8000 	C:\WINDOWS\SYSTEM32\kernel.appcore.dll
0x00007fff18b60000 - 0x00007fff18b6a000 	C:\Program Files\Java\jdk-20\bin\jimage.dll
0x00007fff2a9a0000 - 0x00007fff2abce000 	C:\WINDOWS\SYSTEM32\DBGHELP.DLL
0x00007fff2e220000 - 0x00007fff2e5aa000 	C:\WINDOWS\System32\combase.dll
0x00007fff2f780000 - 0x00007fff2f857000 	C:\WINDOWS\System32\OLEAUT32.dll
0x00007fff29ce0000 - 0x00007fff29d12000 	C:\WINDOWS\SYSTEM32\dbgcore.DLL
0x00007fff2d190000 - 0x00007fff2d20a000 	C:\WINDOWS\System32\bcryptPrimitives.dll
0x00007ffefdbc0000 - 0x00007ffefdbfc000 	C:\Program Files\Java\jdk-20\bin\jdwp.dll
0x00007fff0fc80000 - 0x00007fff0fca6000 	C:\Program Files\Java\jdk-20\bin\java.dll
0x00007ffefc900000 - 0x00007ffefc9d7000 	C:\Program Files\Java\jdk-20\bin\jsvml.dll
0x00007fff2e5d0000 - 0x00007fff2edf3000 	C:\WINDOWS\System32\SHELL32.dll
0x00007fff2b030000 - 0x00007fff2b91a000 	C:\WINDOWS\SYSTEM32\windows.storage.dll
0x00007fff2aef0000 - 0x00007fff2b02e000 	C:\WINDOWS\SYSTEM32\wintypes.dll
0x00007fff2f5b0000 - 0x00007fff2f6a3000 	C:\WINDOWS\System32\SHCORE.dll
0x00007fff2fc40000 - 0x00007fff2fc9e000 	C:\WINDOWS\System32\shlwapi.dll
0x00007fff2cfd0000 - 0x00007fff2cff6000 	C:\WINDOWS\SYSTEM32\profapi.dll
0x00007fff16cd0000 - 0x00007fff16ce3000 	C:\Program Files\Java\jdk-20\bin\net.dll
0x00007fff26d40000 - 0x00007fff26e77000 	C:\WINDOWS\SYSTEM32\WINHTTP.dll
0x00007fff2c5e0000 - 0x00007fff2c649000 	C:\WINDOWS\system32\mswsock.dll
0x00007fff0fc60000 - 0x00007fff0fc76000 	C:\Program Files\Java\jdk-20\bin\nio.dll
0x00007fff0fc50000 - 0x00007fff0fc5b000 	C:\Program Files\Java\jdk-20\bin\dt_shmem.dll
0x00007fff08970000 - 0x00007fff08988000 	C:\Program Files\Java\jdk-20\bin\zip.dll
0x00007ffeea570000 - 0x00007ffeea701000 	C:\Program Files\Java\jdk-20\bin\awt.dll
0x00007fff29c10000 - 0x00007fff29ca7000 	C:\WINDOWS\SYSTEM32\apphelp.dll
0x00007fff2a400000 - 0x00007fff2a42b000 	C:\WINDOWS\system32\DWMAPI.DLL
0x00007fff2a150000 - 0x00007fff2a1fb000 	C:\WINDOWS\system32\uxtheme.dll
0x00007fff191b0000 - 0x00007fff192b0000 	C:\WINDOWS\system32\opengl32.dll
0x00007fff1e7e0000 - 0x00007fff1e80d000 	C:\WINDOWS\SYSTEM32\GLU32.dll
0x00007fff2a290000 - 0x00007fff2a2c8000 	C:\WINDOWS\SYSTEM32\dxcore.dll
0x0000000180000000 - 0x00000001800bc000 	C:\Program Files (x86)\Wimsys\chrome_manager_x64.dll
0x00007fff2f190000 - 0x00007fff2f2d9000 	C:\WINDOWS\System32\MSCTF.dll
0x00007fff2f410000 - 0x00007fff2f5ae000 	C:\WINDOWS\System32\ole32.dll
0x00007ffeea4e0000 - 0x00007ffeea566000 	C:\Program Files\Java\jdk-20\bin\freetype.dll
0x00007ffeea400000 - 0x00007ffeea4d3000 	C:\Program Files\Java\jdk-20\bin\fontmanager.dll
0x00007fff2f360000 - 0x00007fff2f410000 	C:\WINDOWS\System32\clbcatq.dll
0x00007fff27c30000 - 0x00007fff27de0000 	C:\WINDOWS\SYSTEM32\WindowsCodecs.dll
0x00007fff0f500000 - 0x00007fff0f55e000 	C:\WINDOWS\system32\dataexchange.dll
0x00007fff24db0000 - 0x00007fff25032000 	C:\WINDOWS\system32\twinapi.appcore.dll
0x00007fff157e0000 - 0x00007fff15924000 	C:\WINDOWS\SYSTEM32\textinputframework.dll

dbghelp: loaded successfully - version: 4.0.5 - missing functions: none
symbol engine: initialized successfully - sym options: 0x614 - pdb path: .;C:\Program Files\Java\jdk-20\bin;C:\WINDOWS\SYSTEM32;C:\WINDOWS\WinSxS\amd64_microsoft.windows.common-controls_6595b64144ccf1df_6.0.22621.2215_none_270d72677387dfc3;C:\Program Files\Java\jdk-20\bin\server;C:\Program Files (x86)\Wimsys

VM Arguments:
jvm_args: -Dfile.encoding=UTF-8 -agentlib:jdwp=transport=dt_shmem,address=javadebug --module-path=C:\Users\jk270\Documents\NetBeansProjects\bankmanagementsystem\build\classes 
java_command: bankmanagementsystem.signuptwo
java_class_path (initial): C:\Users\jk270\Desktop\jcalendar-1.4\lib\jcalendar-1.4.jar;D:\mysql-connector-java-8.0.28.jar;C:\mysql-connector-java-8.0.28.jar;C:\Users\jk270\Documents\NetBeansProjects\bankmanagementsystem\build\classes
Launcher Type: SUN_STANDARD

[Global flags]
     intx CICompilerCount                          = 3                                         {product} {ergonomic}
     uint ConcGCThreads                            = 1                                         {product} {ergonomic}
     uint G1ConcRefinementThreads                  = 4                                         {product} {ergonomic}
   size_t G1HeapRegionSize                         = 1048576                                   {product} {ergonomic}
    uintx GCDrainStackTargetSize                   = 64                                        {product} {ergonomic}
   size_t InitialHeapSize                          = 132120576                                 {product} {ergonomic}
   size_t MarkStackSize                            = 4194304                                   {product} {ergonomic}
   size_t MaxHeapSize                              = 2090860544                                {product} {ergonomic}
   size_t MaxNewSize                               = 1254096896                                {product} {ergonomic}
   size_t MinHeapDeltaBytes                        = 1048576                                   {product} {ergonomic}
   size_t MinHeapSize                              = 8388608                                   {product} {ergonomic}
    uintx NonNMethodCodeHeapSize                   = 5832780                                {pd product} {ergonomic}
    uintx NonProfiledCodeHeapSize                  = 122912730                              {pd product} {ergonomic}
    uintx ProfiledCodeHeapSize                     = 122912730                              {pd product} {ergonomic}
    uintx ReservedCodeCacheSize                    = 251658240                              {pd product} {ergonomic}
     bool SegmentedCodeCache                       = true                                      {product} {ergonomic}
   size_t SoftMaxHeapSize                          = 2090860544                             {manageable} {ergonomic}
     bool UseCompressedClassPointers               = true                           {product lp64_product} {ergonomic}
     bool UseCompressedOops                        = true                           {product lp64_product} {ergonomic}
     bool UseG1GC                                  = true                                      {product} {ergonomic}
     bool UseLargePagesIndividualAllocation        = false                                  {pd product} {ergonomic}

Logging:
Log output configuration:
 #0: stdout all=warning uptime,level,tags foldmultilines=false
 #1: stderr all=off uptime,level,tags foldmultilines=false

Environment Variables:
PATH=C:\Program Files\Common Files\Oracle\Java\javapath;C:\Program Files (x86)\Common Files\Oracle\Java\javapath;C:\Program Files (x86)\Common Files\Intel\Shared Libraries\redist\intel64_win\compiler;C:\Program Files (x86)\Common Files\Intel\Shared Libraries\redist\intel64\compiler;C:\Users\jk270\Desktop\python\Scripts\;C:\Users\jk270\Desktop\python\;C:\WINDOWS\system32;C:\WINDOWS;C:\WINDOWS\System32\Wbem;C:\WINDOWS\System32\WindowsPowerShell\v1.0\;C:\WINDOWS\System32\OpenSSH\;C:\Program Files\Git\cmd;C:\Program Files\MySQL\MySQL Shell 8.0\bin\;C:\Users\jk270\Desktop\Scripts\;C:\Users\jk270\Desktop\;C:\Users\jk270\AppData\Local\Microsoft\WindowsApps;;C:\Users\jk270\Desktop\PyCharm Community Edition 2021.3.2\bin;;C:\Users\jk270\AppData\Local\Programs\Microsoft VS Code\bin
USERNAME=jk270
OS=Windows_NT
PROCESSOR_IDENTIFIER=Intel64 Family 6 Model 140 Stepping 1, GenuineIntel
TMP=C:\Users\jk270\AppData\Local\Temp
TEMP=C:\Users\jk270\AppData\Local\Temp




---------------  S Y S T E M  ---------------

OS:
 Windows 11 , 64 bit Build 22621 (10.0.22621.2215)
OS uptime: 1 days 13:03 hours

CPU: total 4 (initial active 4) (2 cores per cpu, 2 threads per core) family 6 model 140 stepping 1 microcode 0x8a, cx8, cmov, fxsr, ht, mmx, 3dnowpref, sse, sse2, sse3, ssse3, sse4.1, sse4.2, popcnt, lzcnt, tsc, tscinvbit, avx, avx2, aes, erms, clmul, bmi1, bmi2, adx, avx512f, avx512dq, avx512cd, avx512bw, avx512vl, sha, fma, vzeroupper, avx512_vpopcntdq, avx512_vpclmulqdq, avx512_vaes, avx512_vnni, clflush, clflushopt, clwb, avx512_vbmi2, avx512_vbmi, rdtscp, rdpid, fsrm, gfni, avx512_bitalg, f16c, pku, cet_ibt, cet_ss, avx512_ifma

Memory: 4k page, system-wide physical 7975M (447M free)
TotalPageFile size 20775M (AvailPageFile size 4M)
current process WorkingSet (physical memory assigned to process): 86M, peak: 87M
current process commit charge ("private bytes"): 223M, peak: 224M

vm_info: Java HotSpot(TM) 64-Bit Server VM (20.0.2+9-78) for windows-amd64 JRE (20.0.2+9-78), built on 2023-06-14T10:08:48Z by "mach5one" with MS VC++ 17.1 (VS2022)

END.
