#
# There is insufficient memory for the Java Runtime Environment to continue.
# Native memory allocation (mmap) failed to map 132120576 bytes for G1 virtual space
# Possible reasons:
#   The system is out of physical RAM or swap space
#   The process is running with CompressedOops enabled, and the Java Heap may be blocking the growth of the native heap
# Possible solutions:
#   Reduce memory load on the system
#   Increase physical memory or swap space
#   Check if swap backing store is full
#   Decrease Java heap size (-Xmx/-Xms)
#   Decrease number of Java threads
#   Decrease Java thread stack sizes (-Xss)
#   Set larger code cache with -XX:ReservedCodeCacheSize=
#   JVM is running with Unscaled Compressed Oops mode in which the Java heap is
#     placed in the first 4GB address space. The Java Heap base address is the
#     maximum limit for the native heap growth. Please use -XX:HeapBaseMinAddress
#     to set the Java Heap base and to place the Java Heap above 4GB virtual address.
# This output file may be truncated or incomplete.
#
#  Out of Memory Error (os_windows.cpp:3528), pid=16200, tid=11592
#
# JRE version:  (20.0.2+9) (build )
# Java VM: Java HotSpot(TM) 64-Bit Server VM (20.0.2+9-78, mixed mode, sharing, tiered, compressed oops, compressed class ptrs, g1 gc, windows-amd64)
# No core dump will be written. Minidumps are not enabled by default on client versions of Windows
#

---------------  S U M M A R Y ------------

Command Line: -Dfile.encoding=UTF-8 -agentlib:jdwp=transport=dt_shmem,address=javadebug --module-path=C:\Users\jk270\Documents\NetBeansProjects\bankmanagementsystem\build\classes bankmanagementsystem.signuptwo

Host: 11th Gen Intel(R) Core(TM) i3-1115G4 @ 3.00GHz, 4 cores, 7G,  Windows 11 , 64 bit Build 22621 (10.0.22621.2215)
Time: Mon Sep 18 11:15:40 2023 India Standard Time elapsed time: 0.015644 seconds (0d 0h 0m 0s)

---------------  T H R E A D  ---------------

Current thread (0x00000249d40f8d90):  JavaThread "Unknown thread" [_thread_in_vm, id=11592, stack(0x000000abfbe00000,0x000000abfbf00000)]

Stack: [0x000000abfbe00000,0x000000abfbf00000]
Native frames: (J=compiled Java code, j=interpreted, Vv=VM code, C=native code)
V  [jvm.dll+0x6bc25a]
V  [jvm.dll+0x84971a]
V  [jvm.dll+0x84b315]
V  [jvm.dll+0x84ba13]
V  [jvm.dll+0x280e4f]
V  [jvm.dll+0x6b8fe9]
V  [jvm.dll+0x6adbca]
V  [jvm.dll+0x35b165]
V  [jvm.dll+0x363386]
V  [jvm.dll+0x3b400e]
V  [jvm.dll+0x3b4295]
V  [jvm.dll+0x32b86a]
V  [jvm.dll+0x32c68b]
V  [jvm.dll+0x8123df]
V  [jvm.dll+0x3c1261]
V  [jvm.dll+0x7fe103]
V  [jvm.dll+0x44ccaf]
V  [jvm.dll+0x44e621]
C  [jli.dll+0x5287]
C  [ucrtbase.dll+0x29363]
C  [KERNEL32.DLL+0x1257d]
C  [ntdll.dll+0x5aa68]


---------------  P R O C E S S  ---------------

Threads class SMR info:
_java_thread_list=0x00007ffeb872b118, length=0, elements={
}

Java Threads: ( => current thread )

Other Threads:
  0x00000249d4157570 WorkerThread "GC Thread#0" [stack: 0x000000abfbf00000,0x000000abfc000000] [id=3680]
  0x00000249d4167f60 ConcurrentGCThread "G1 Main Marker" [stack: 0x000000abfc000000,0x000000abfc100000] [id=6480]
  0x00000249d4169130 WorkerThread "G1 Conc#0" [stack: 0x000000abfc100000,0x000000abfc200000] [id=23312]

[error occurred during error reporting (printing all threads), id 0xc0000005, EXCEPTION_ACCESS_VIOLATION (0xc0000005) at pc=0x00007ffeb7f0eea7]
VM state: not at safepoint (not fully initialized)

VM Mutex/Monitor currently owned by a thread:  ([mutex/lock_event])
[0x00000249d40f5180] Heap_lock - owner thread: 0x00000249d40f8d90

Heap address: 0x0000000083600000, size: 1994 MB, Compressed Oops mode: 32-bit

CDS archive(s) mapped at: [0x0000000000000000-0x0000000000000000-0x0000000000000000), size 0, SharedBaseAddress: 0x0000000800000000, ArchiveRelocationMode: 1.
Narrow klass base: 0x0000000000000000, Narrow klass shift: 0, Narrow klass range: 0x0

GC Precious Log:
 CardTable entry size: 512
 Card Set container configuration: InlinePtr #cards 5 size 8 Array Of Cards #cards 12 size 40 Howl #buckets 4 coarsen threshold 1843 Howl Bitmap #cards 512 size 80 coarsen threshold 460 Card regions per heap region 1 cards per card region 2048

Heap:
 garbage-first heap   total 0K, used 0K [0x0000000083600000, 0x0000000100000000)
  region size 1024K, 0 young (0K), 0 survivors (0K)

[error occurred during error reporting (printing heap information), id 0xc0000005, EXCEPTION_ACCESS_VIOLATION (0xc0000005) at pc=0x00007ffeb82e47b9]
GC Heap History (0 events):
No events

Dll operation events (1 events):
Event: 0.009 Loaded shared library C:\Program Files\Java\jdk-20\bin\java.dll

Deoptimization events (0 events):
No events

Classes loaded (0 events):
No events

Classes unloaded (0 events):
No events

Classes redefined (0 events):
No events

Internal exceptions (0 events):
No events

VM Operations (0 events):
No events

Events (0 events):
No events


Dynamic libraries:
0x00007ff7cc750000 - 0x00007ff7cc760000 	C:\Program Files\Java\jdk-20\bin\java.exe
0x00007fff2fcf0000 - 0x00007fff2ff04000 	C:\WINDOWS\SYSTEM32\ntdll.dll
0x00007fff2f6b0000 - 0x00007fff2f774000 	C:\WINDOWS\System32\KERNEL32.DLL
0x00007fff2d210000 - 0x00007fff2d5b4000 	C:\WINDOWS\System32\KERNELBASE.dll
0x00007fff2d660000 - 0x00007fff2d771000 	C:\WINDOWS\System32\ucrtbase.dll
0x00007fff1ac40000 - 0x00007fff1ac5b000 	C:\Program Files\Java\jdk-20\bin\VCRUNTIME140.dll
0x00007fff01f60000 - 0x00007fff01f79000 	C:\Program Files\Java\jdk-20\bin\jli.dll
0x00007fff2f030000 - 0x00007fff2f0e0000 	C:\WINDOWS\System32\ADVAPI32.dll
0x00007fff2f0e0000 - 0x00007fff2f187000 	C:\WINDOWS\System32\msvcrt.dll
0x00007fff2da80000 - 0x00007fff2db26000 	C:\WINDOWS\System32\sechost.dll
0x00007fff2ef10000 - 0x00007fff2f027000 	C:\WINDOWS\System32\RPCRT4.dll
0x00007fff2f8d0000 - 0x00007fff2fa7e000 	C:\WINDOWS\System32\USER32.dll
0x00007fff2d160000 - 0x00007fff2d186000 	C:\WINDOWS\System32\win32u.dll
0x00007fff2e1d0000 - 0x00007fff2e1f9000 	C:\WINDOWS\System32\GDI32.dll
0x00007fff2d780000 - 0x00007fff2d898000 	C:\WINDOWS\System32\gdi32full.dll
0x00007fff2d5c0000 - 0x00007fff2d65a000 	C:\WINDOWS\System32\msvcp_win.dll
0x00007fff16430000 - 0x00007fff166c3000 	C:\WINDOWS\WinSxS\amd64_microsoft.windows.common-controls_6595b64144ccf1df_6.0.22621.2215_none_270d72677387dfc3\COMCTL32.dll
0x00007fff21010000 - 0x00007fff2101a000 	C:\WINDOWS\SYSTEM32\VERSION.dll
0x00007fff2ee70000 - 0x00007fff2eea1000 	C:\WINDOWS\System32\IMM32.DLL
0x00007fff1ac30000 - 0x00007fff1ac3c000 	C:\Program Files\Java\jdk-20\bin\vcruntime140_1.dll
0x00007ffefc870000 - 0x00007ffefc8fe000 	C:\Program Files\Java\jdk-20\bin\msvcp140.dll
0x00007ffeb7bd0000 - 0x00007ffeb8868000 	C:\Program Files\Java\jdk-20\bin\server\jvm.dll
0x00007fff1acc0000 - 0x00007fff1acc9000 	C:\WINDOWS\SYSTEM32\WSOCK32.dll
0x00007fff29d20000 - 0x00007fff29d54000 	C:\WINDOWS\SYSTEM32\WINMM.dll
0x00007fff2db30000 - 0x00007fff2dba1000 	C:\WINDOWS\System32\WS2_32.dll
0x00007fff2c0a0000 - 0x00007fff2c0b8000 	C:\WINDOWS\SYSTEM32\kernel.appcore.dll
0x00007fff18b60000 - 0x00007fff18b6a000 	C:\Program Files\Java\jdk-20\bin\jimage.dll
0x00007fff2a9a0000 - 0x00007fff2abce000 	C:\WINDOWS\SYSTEM32\DBGHELP.DLL
0x00007fff2e220000 - 0x00007fff2e5aa000 	C:\WINDOWS\System32\combase.dll
0x00007fff2f780000 - 0x00007fff2f857000 	C:\WINDOWS\System32\OLEAUT32.dll
0x00007fff29ce0000 - 0x00007fff29d12000 	C:\WINDOWS\SYSTEM32\dbgcore.DLL
0x00007fff2d190000 - 0x00007fff2d20a000 	C:\WINDOWS\System32\bcryptPrimitives.dll
0x00007ffefdbc0000 - 0x00007ffefdbfc000 	C:\Program Files\Java\jdk-20\bin\jdwp.dll
0x00007fff0fc80000 - 0x00007fff0fca6000 	C:\Program Files\Java\jdk-20\bin\java.dll

dbghelp: loaded successfully - version: 4.0.5 - missing functions: none
symbol engine: initialized successfully - sym options: 0x614 - pdb path: .;C:\Program Files\Java\jdk-20\bin;C:\WINDOWS\SYSTEM32;C:\WINDOWS\WinSxS\amd64_microsoft.windows.common-controls_6595b64144ccf1df_6.0.22621.2215_none_270d72677387dfc3;C:\Program Files\Java\jdk-20\bin\server

VM Arguments:
jvm_args: -Dfile.encoding=UTF-8 -agentlib:jdwp=transport=dt_shmem,address=javadebug --module-path=C:\Users\jk270\Documents\NetBeansProjects\bankmanagementsystem\build\classes 
java_command: bankmanagementsystem.signuptwo
java_class_path (initial): C:\Users\jk270\Desktop\jcalendar-1.4\lib\jcalendar-1.4.jar;D:\mysql-connector-java-8.0.28.jar;C:\mysql-connector-java-8.0.28.jar;C:\Users\jk270\Documents\NetBeansProjects\bankmanagementsystem\build\classes
Launcher Type: SUN_STANDARD

[Global flags]
     intx CICompilerCount                          = 3                                         {product} {ergonomic}
     uint ConcGCThreads                            = 1                                         {product} {ergonomic}
     uint G1ConcRefinementThreads                  = 4                                         {product} {ergonomic}
   size_t G1HeapRegionSize                         = 1048576                                   {product} {ergonomic}
    uintx GCDrainStackTargetSize                   = 64                                        {product} {ergonomic}
   size_t InitialHeapSize                          = 132120576                                 {product} {ergonomic}
   size_t MarkStackSize                            = 4194304                                   {product} {ergonomic}
   size_t MaxHeapSize                              = 2090860544                                {product} {ergonomic}
   size_t MinHeapDeltaBytes                        = 1048576                                   {product} {ergonomic}
   size_t MinHeapSize                              = 8388608                                   {product} {ergonomic}
    uintx NonNMethodCodeHeapSize                   = 5832780                                {pd product} {ergonomic}
    uintx NonProfiledCodeHeapSize                  = 122912730                              {pd product} {ergonomic}
    uintx ProfiledCodeHeapSize                     = 122912730                              {pd product} {ergonomic}
    uintx ReservedCodeCacheSize                    = 251658240                              {pd product} {ergonomic}
     bool SegmentedCodeCache                       = true                                      {product} {ergonomic}
   size_t SoftMaxHeapSize                          = 2090860544                             {manageable} {ergonomic}
     bool UseCompressedClassPointers               = true                           {product lp64_product} {ergonomic}
     bool UseCompressedOops                        = true                           {product lp64_product} {ergonomic}
     bool UseG1GC                                  = true                                      {product} {ergonomic}
     bool UseLargePagesIndividualAllocation        = false                                  {pd product} {ergonomic}

Logging:
Log output configuration:
 #0: stdout all=warning uptime,level,tags foldmultilines=false
 #1: stderr all=off uptime,level,tags foldmultilines=false

Environment Variables:
PATH=C:\Program Files\Common Files\Oracle\Java\javapath;C:\Program Files (x86)\Common Files\Oracle\Java\javapath;C:\Program Files (x86)\Common Files\Intel\Shared Libraries\redist\intel64_win\compiler;C:\Program Files (x86)\Common Files\Intel\Shared Libraries\redist\intel64\compiler;C:\Users\jk270\Desktop\python\Scripts\;C:\Users\jk270\Desktop\python\;C:\WINDOWS\system32;C:\WINDOWS;C:\WINDOWS\System32\Wbem;C:\WINDOWS\System32\WindowsPowerShell\v1.0\;C:\WINDOWS\System32\OpenSSH\;C:\Program Files\Git\cmd;C:\Program Files\MySQL\MySQL Shell 8.0\bin\;C:\Users\jk270\Desktop\Scripts\;C:\Users\jk270\Desktop\;C:\Users\jk270\AppData\Local\Microsoft\WindowsApps;;C:\Users\jk270\Desktop\PyCharm Community Edition 2021.3.2\bin;;C:\Users\jk270\AppData\Local\Programs\Microsoft VS Code\bin
USERNAME=jk270
OS=Windows_NT
PROCESSOR_IDENTIFIER=Intel64 Family 6 Model 140 Stepping 1, GenuineIntel
TMP=C:\Users\jk270\AppData\Local\Temp
TEMP=C:\Users\jk270\AppData\Local\Temp




---------------  S Y S T E M  ---------------

OS:
 Windows 11 , 64 bit Build 22621 (10.0.22621.2215)
OS uptime: 1 days 13:05 hours

CPU: total 4 (initial active 4) (2 cores per cpu, 2 threads per core) family 6 model 140 stepping 1 microcode 0x8a, cx8, cmov, fxsr, ht, mmx, 3dnowpref, sse, sse2, sse3, ssse3, sse4.1, sse4.2, popcnt, lzcnt, tsc, tscinvbit, avx, avx2, aes, erms, clmul, bmi1, bmi2, adx, avx512f, avx512dq, avx512cd, avx512bw, avx512vl, sha, fma, vzeroupper, avx512_vpopcntdq, avx512_vpclmulqdq, avx512_vaes, avx512_vnni, clflush, clflushopt, clwb, avx512_vbmi2, avx512_vbmi, rdtscp, rdpid, fsrm, gfni, avx512_bitalg, f16c, pku, cet_ibt, cet_ss, avx512_ifma

Memory: 4k page, system-wide physical 7975M (456M free)
TotalPageFile size 20775M (AvailPageFile size 82M)
current process WorkingSet (physical memory assigned to process): 11M, peak: 11M
current process commit charge ("private bytes"): 52M, peak: 178M

vm_info: Java HotSpot(TM) 64-Bit Server VM (20.0.2+9-78) for windows-amd64 JRE (20.0.2+9-78), built on 2023-06-14T10:08:48Z by "mach5one" with MS VC++ 17.1 (VS2022)

END.
